<?xml version="1.0" encoding="UTF-8"?>
<!-- Generated by org.testng.reporters.JUnitReportReporter -->
<testsuite skipped="0" hostname="YADNESH-COMP" name="webDriverPrograms.RediffLoginTC" tests="1" failures="0" timestamp="30 Apr 2018 04:39:10 GMT" time="25.774" errors="0">
  <testcase name="login" time="25.774" classname="webDriverPrograms.RediffLoginTC"/>
</testsuite> <!-- webDriverPrograms.RediffLoginTC -->
